make all --print-data-base --no-builtin-variables --no-builtin-rules --question
# GNU Make 3.81
# Copyright (C) 2006  Free Software Foundation, Inc.
# This is free software; see the source for copying conditions.
# There is NO warranty; not even for MERCHANTABILITY or FITNESS FOR A
# PARTICULAR PURPOSE.

# This program built for i386-apple-darwin11.3.0

# Make data base, printed on Wed Jun 15 15:46:40 2022

# Variables

# automatic
<D = $(patsubst %/,%,$(dir $<))
# automatic
?F = $(notdir $?)
# environment
VSCODE_LOG_NATIVE = false
# automatic
?D = $(patsubst %/,%,$(dir $?))
# automatic
@D = $(patsubst %/,%,$(dir $@))
# automatic
@F = $(notdir $@)
# makefile
CURDIR := /Users/billybray/cloudentity/openbanking-quickstart
# makefile
SHELL = /bin/sh
# environment
VSCODE_NLS_CONFIG = {"locale":"en-us","availableLanguages":{},"_languagePackSupport":true}
# environment
_ = /usr/bin/make
# makefile (from `Makefile', line 1)
MAKEFILE_LIST :=  Makefile
# environment
VSCODE_AMD_ENTRYPOINT = vs/workbench/api/node/extensionHostProcess
# environment
VSCODE_VERBOSE_LOGGING = true
# environment
__CFBundleIdentifier = com.microsoft.VSCode
# environment
VSCODE_IPC_HOOK_EXTHOST = /var/folders/mq/yjmzlbt96090018vft90t2600000gn/T/vscode-ipc-06455caa-25b9-4c5b-9855-a6ec60703baa.sock
# environment
VSCODE_CWD = /
# environment
GOPROXY = https://proxy.golang.org,direct
# environment
PATH = /usr/local/opt/go/libexec/bin:/usr/local/bin:/usr/bin:/bin:/usr/sbin:/sbin:/usr/local/go/bin:/Library/Apple/usr/bin:/Users/billybray/.go/bin
# environment
LSCOLORS = Gxfxcxdxbxegedabagacad
# environment
GOPATH = /Users/billybray/.go
# environment
VSCODE_LOG_STACK = false
# environment
ELECTRON_RUN_AS_NODE = 1
# default
.FEATURES := target-specific order-only second-expansion else-if archives jobserver check-symlink
# makefile (from `Makefile', line 5)
ACP_LOCAL_APPS = acp crdb redis
# environment
SSH_AUTH_SOCK = /private/tmp/com.apple.launchd.NyZR7cF3QQ/Listeners
# automatic
%F = $(notdir $%)
# makefile (from `Makefile', line 1)
DOCKER_BUILDKIT = 1
# environment
VSCODE_PIPE_LOGGING = true
# environment
PWD = /Users/billybray/cloudentity/openbanking-quickstart
# environment
ORIGINAL_XDG_CURRENT_DESKTOP = undefined
# environment
GOMODCACHE = /Users/billybray/.go/pkg/mod
# environment
HOME = /Users/billybray
# default
MAKEFILEPATH := /Applications/Xcode.app/Contents/Developer/Makefiles
# environment
VSCODE_CODE_CACHE_PATH = /Users/billybray/Library/Application Support/Code/CachedData/4af164ea3a06f701fe3e89a2bcbb421d2026b68f
# environment
LOGNAME = billybray
# environment
APPLICATION_INSIGHTS_NO_DIAGNOSTIC_CHANNEL = 1
# environment
ZSH = /Users/billybray/.oh-my-zsh
# environment
VSCODE_HANDLES_UNCAUGHT_ERRORS = true
# automatic
^D = $(patsubst %/,%,$(dir $^))
# environment
XPC_FLAGS = 0x0
# default
MAKE = $(MAKE_COMMAND)
# default
MAKECMDGOALS := all
# environment
SHLVL = 1
# default
MAKE_VERSION := 3.81
# environment
USER = billybray
# makefile
.DEFAULT_GOAL := build
# environment
GOROOT = /usr/local/opt/go/libexec
# environment
LESS = -R
# automatic
%D = $(patsubst %/,%,$(dir $%))
# default
MAKE_COMMAND := /Applications/Xcode.app/Contents/Developer/usr/bin/make
# default
.VARIABLES := 
# environment
TMPDIR = /var/folders/mq/yjmzlbt96090018vft90t2600000gn/T/
# automatic
*F = $(notdir $*)
# environment
VSCODE_IPC_HOOK = /Users/billybray/Library/Application Support/Code/1.68.0-main.sock
# makefile
MAKEFLAGS = Rrqp
# environment
MFLAGS = -Rrqp
# automatic
*D = $(patsubst %/,%,$(dir $*))
# environment
XPC_SERVICE_NAME = application.com.microsoft.VSCode.41306272.41306278
# automatic
+D = $(patsubst %/,%,$(dir $+))
# automatic
+F = $(notdir $+)
# environment
__CF_USER_TEXT_ENCODING = 0x1F5:0x0:0x0
# environment
COMMAND_MODE = unix2003
# default
MAKEFILES := 
# automatic
<F = $(notdir $<)
# environment
GOPRIVATE = github.com/cloudentity/*
# environment
PAGER = less
# environment
LC_ALL = C
# automatic
^F = $(notdir $^)
# default
SUFFIXES := 
# default
.INCLUDE_DIRS = /usr/local/include
# makefile (from `Makefile', line 2)
COMPOSE_DOCKER_CLI_BUILD = 1
# environment
MAKELEVEL := 0
# environment
LANG = C
# environment
VSCODE_PID = 2511
# variable set hash-table stats:
# Load=74/1024=7%, Rehash=0, Collisions=3/98=3%

# Pattern-specific Variable Values

# No pattern-specific variable values.

# Directories

# . (device 16777220, inode 8301721): 36 files, no impossibilities.

# 36 files, no impossibilities in 1 directories.

# Implicit Rules

run-%-local:
#  commands to execute (from `Makefile', line 9):
	cp -f .env-local .env
	docker-compose -f docker-compose.acp.local.yaml up -d --no-build ${ACP_LOCAL_APPS}
	./scripts/wait.sh 
	docker-compose -f docker-compose.$*.yaml up --no-build -d 
	./scripts/wait.sh
	

run-%-saas:
#  commands to execute (from `Makefile', line 17):
	cp -f .env-saas .env
	docker-compose -f docker-compose.$*.yaml up --no-build -d
	./scripts/wait.sh
	

run-%-tests-headless: run-tests-verify
#  commands to execute (from `Makefile', line 27):
	yarn --cwd tests run cypress run -s cypress/integration/$*/*.ts
	

%-mfa:
#  commands to execute (from `Makefile', line 64):
	if [ $* == "enable" ]; then ./scripts/override_env.sh ENABLE_MFA true; else ./scripts/override_env.sh ENABLE_MFA false; fi
	

# 4 implicit rules, 0 (0.0%) terminal.

# Files

generate-obbr-integration-spec: start-runner
#  Phony target (prerequisite of .PHONY).
#  Implicit rule search has not been done.
#  File does not exist.
#  File has not been updated.
#  commands to execute (from `Makefile', line 87):
	./scripts/generate_bank_spec.sh br
	

generate-cdr-clients: start-runner
#  Phony target (prerequisite of .PHONY).
#  Implicit rule search has not been done.
#  File does not exist.
#  File has not been updated.
#  commands to execute (from `Makefile', line 104):
	rm -rf ./openbanking/cdr/banking/*
	docker-compose exec runner sh -c \
	"swagger generate client \
	-f api/cdr/cds_banking.yaml \
	-A banking \
	-t ./openbanking/cdr/banking"
	

# Not a target:
all:
#  Command-line target.
#  Implicit rule search has been done.
#  File does not exist.
#  File has not been updated.
# variable set hash-table stats:
# Load=0/32=0%, Rehash=0, Collisions=0/0=0%

.PHONY: build run-saas-obuk-tests-headless run-saas-obbr-tests-headless run-tests run-tests-verify restart-acp lint clean purge set-version set-saas-configuration start-runner generate-obuk-integration-spec generate-obbr-integration-spec generate-integration-specs generate-obbr-clients generate-cdr-clients obbr
#  Implicit rule search has not been done.
#  Modification time never checked.
#  File has not been updated.

# Not a target:
.SUFFIXES:
#  Implicit rule search has not been done.
#  Modification time never checked.
#  File has not been updated.

# Not a target:
Makefile:
#  Implicit rule search has been done.
#  Last modified 2022-06-13 09:27:46
#  File has been updated.
#  Successfully updated.
# variable set hash-table stats:
# Load=0/32=0%, Rehash=0, Collisions=0/0=0%

.EXPORT_ALL_VARIABLES:
#  Implicit rule search has not been done.
#  Modification time never checked.
#  File has not been updated.
#  commands to execute (from `Makefile', line 4):
	

obbr:
#  Phony target (prerequisite of .PHONY).
#  Implicit rule search has not been done.
#  File does not exist.
#  File has not been updated.
#  commands to execute (from `Makefile', line 113):
	docker-compose -f docker-compose.acp.local.yaml -f conformance/docker-compose.obb.yaml -f conformance/docker-compose.fapi.yaml ${cmd}
	

build:
#  Phony target (prerequisite of .PHONY).
#  Implicit rule search has not been done.
#  File does not exist.
#  File has not been updated.
#  commands to execute (from `Makefile', line 23):
	docker-compose -f docker-compose.obuk.yaml -f docker-compose.obbr.yaml -f docker-compose.cdr.yaml -f docker-compose.build.yaml build
	

generate-obuk-integration-spec: start-runner
#  Phony target (prerequisite of .PHONY).
#  Implicit rule search has not been done.
#  File does not exist.
#  File has not been updated.
#  commands to execute (from `Makefile', line 83):
	./scripts/generate_bank_spec.sh uk
	

run-saas-obbr-tests-headless: run-tests-verify
#  Phony target (prerequisite of .PHONY).
#  Implicit rule search has not been done.
#  File does not exist.
 
make: *** No rule to make target `all'.  Stop.

#  File has not been updated.
#  commands to execute (from `Makefile', line 35):
	yarn --cwd tests run cypress run -s cypress/integration/saas/obbr/*.ts
	

run-tests:
#  Phony target (prerequisite of .PHONY).
#  Implicit rule search has not been done.
#  File does not exist.
#  File has not been updated.
#  commands to execute (from `Makefile', line 39):
	yarn --cwd tests run cypress open
	

purge:
#  Phony target (prerequisite of .PHONY).
#  Implicit rule search has not been done.
#  File does not exist.
#  File has not been updated.
#  commands to execute (from `Makefile', line 60):
	docker images -a | grep openbanking-quickstart | awk '{print $3}' | xargs docker rmi -f || true
	

set-version:
#  Phony target (prerequisite of .PHONY).
#  Implicit rule search has not been done.
#  File does not exist.
#  File has not been updated.
#  commands to execute (from `Makefile', line 68):
	./scripts/override_env.sh VERSION $(shell ./scripts/version.sh)
	

set-saas-configuration:
#  Phony target (prerequisite of .PHONY).
#  Implicit rule search has not been done.
#  File does not exist.
#  File has not been updated.
#  commands to execute (from `Makefile', line 72):
	./scripts/override_env.sh TENANT ${SAAS_TENANT_ID}
	./scripts/override_env.sh CONFIGURATION_CLIENT_ID ${SAAS_CLIENT_ID}
	./scripts/override_env.sh CONFIGURATION_CLIENT_SECRET ${SAAS_CLIENT_SECRET}
	

restart-acp:
#  Phony target (prerequisite of .PHONY).
#  Implicit rule search has not been done.
#  File does not exist.
#  File has not been updated.
#  commands to execute (from `Makefile', line 47):
	docker-compose -f docker-compose.acp.local.yaml rm -s -f acp
	docker-compose -f docker-compose.acp.local.yaml up -d --no-build acp
	

# Not a target:
.DEFAULT:
#  Implicit rule search has not been done.
#  Modification time never checked.
#  File has not been updated.

generate-integration-specs: generate-obuk-integration-spec generate-obbr-integration-spec
#  Phony target (prerequisite of .PHONY).
#  Implicit rule search has not been done.
#  File does not exist.
#  File has not been updated.

clean:
#  Phony target (prerequisite of .PHONY).
#  Implicit rule search has not been done.
#  File does not exist.
#  File has not been updated.
#  commands to execute (from `Makefile', line 56):
	docker-compose -f docker-compose.build.yaml down --remove-orphans
	

run-saas-obuk-tests-headless: run-tests-verify
#  Phony target (prerequisite of .PHONY).
#  Implicit rule search has not been done.
#  File does not exist.
#  File has not been updated.
#  commands to execute (from `Makefile', line 31):
	yarn --cwd tests run cypress run -s cypress/integration/saas/obuk/*.ts
	

lint: start-runner
#  Phony target (prerequisite of .PHONY).
#  Implicit rule search has not been done.
#  File does not exist.
#  File has not been updated.
#  commands to execute (from `Makefile', line 52):
	docker-compose -f docker-compose.acp.local.yaml exec runner sh -c "golangci-lint run --fix --deadline=5m ./..."
	

start-runner:
#  Phony target (prerequisite of .PHONY).
#  Implicit rule search has not been done.
#  File does not exist.
#  File has not been updated.
#  commands to execute (from `Makefile', line 78):
	docker build -t quickstart-runner -f build/runner.dockerfile .
	docker-compose -f docker-compose.acp.local.yaml up -d runner
	

run-tests-verify:
#  Phony target (prerequisite of .PHONY).
#  Implicit rule search has not been done.
#  File does not exist.
#  File has not been updated.
#  commands to execute (from `Makefile', line 43):
	VERIFY_TEST_RUNNER_TIMEOUT_MS=80000 yarn --cwd tests run cypress verify
	

generate-obbr-clients: start-runner
#  Phony target (prerequisite of .PHONY).
#  Implicit rule search has not been done.
#  File does not exist.
#  File has not been updated.
#  commands to execute (from `Makefile', line 94):
	rm -rf ./openbanking/obbr/accounts/*
	docker-compose exec runner sh -c \
	"swagger generate client \
	--include-tag=obuk
	-f api/obbr/accounts.yaml \
	-A accounts  \
	-t ./openbanking/obbr/accounts"
	

# files hash-table stats:
# Load=24/1024=2%, Rehash=0, Collisions=0/80=0%
# VPATH Search Paths

# No `vpath' search paths.

# No general (`VPATH' variable) search path.

# # of strings in strcache: 1
# # of strcache buffers: 1
# strcache size: total = 4096 / max = 4096 / min = 4096 / avg = 4096
# strcache free: total = 4087 / max = 4087 / min = 4087 / avg = 4087

# Finished Make data base on Wed Jun 15 15:46:40 2022

 
